New log file opened at Mon Aug 24 13:18:26 MDT 2015 by 14279@Patricks-MacBook-Pro.local
Sending msg to client play-fork-run-72595435-2675-4893-af68-543d5eecfa43: DetachedLogEvent(LogMessage(debug,sbt server socket logs are in: /Users/pmedaugh/Scala/just-play-scala/.sbtserver/connections/master.log))
Sending msg to client play-fork-run-72595435-2675-4893-af68-543d5eecfa43: DetachedLogEvent(LogMessage(debug,sbt client logs are in: /Users/pmedaugh/Scala/just-play-scala/.sbtserver/connections/play-fork-run-72595435-2675-4893-af68-543d5eecfa43.log))
Sending msg to client play-fork-run-72595435-2675-4893-af68-543d5eecfa43: DetachedLogEvent(LogMessage(debug,sbt general server logs are in: /Users/pmedaugh/Scala/just-play-scala/.sbtserver/master.log))
Reading next message from client.
Got request: ListenToEvents()
Reading next message from client.
Sending msg to client play-fork-run-72595435-2675-4893-af68-543d5eecfa43: (3,ReceivedResponse())
Sending msg to client play-fork-run-72595435-2675-4893-af68-543d5eecfa43: ExecutionWaiting(11,{file:/Users/pmedaugh/Scala/just-play-scala/}root/compile:discoveredMainClasses,ClientInfo(d1df6b20-2b00-4291-870d-235167daf5c2,activator,Activator,3,Vector()))
Sending msg to client play-fork-run-72595435-2675-4893-af68-543d5eecfa43: ExecutionStarting(11)
Sending msg to client play-fork-run-72595435-2675-4893-af68-543d5eecfa43: DetachedLogEvent(LogMessage(debug,> {file:/Users/pmedaugh/Scala/just-play-scala/}root/compile:discoveredMainClasses))
Sending msg to client play-fork-run-72595435-2675-4893-af68-543d5eecfa43: ExecutionWaiting(12,{file:/Users/pmedaugh/Scala/just-play-scala/}root/compile:mainClass,ClientInfo(d1df6b20-2b00-4291-870d-235167daf5c2,activator,Activator,3,Vector()))
Sending msg to client play-fork-run-72595435-2675-4893-af68-543d5eecfa43: DetachedLogEvent(LogMessage(debug,Evaluating tasks: compile:discoveredMainClasses))
Sending msg to client play-fork-run-72595435-2675-4893-af68-543d5eecfa43: DetachedLogEvent(LogMessage(debug,Running task... Cancel: sbt.server.ServerTaskCancellation@743f3167, check cycles: false))
Sending msg to client play-fork-run-72595435-2675-4893-af68-543d5eecfa43: DetachedLogEvent(LogMessage(debug,cancel strategy start enabled=true lastCommand=Some(LastCommand(CommandExecutionWork(ExecutionId(11),{file:/Users/pmedaugh/Scala/just-play-scala/}root/compile:discoveredMainClasses,Set(LiveClient(activator d1df6b20-2b00-4291-870d-235167daf5c2)),sbt.server.WorkCancellationStatus$$anon$1@333be1f8)))))
Sending msg to client play-fork-run-72595435-2675-4893-af68-543d5eecfa43: TaskStarted(11,1159,None)
Sending msg to client play-fork-run-72595435-2675-4893-af68-543d5eecfa43: TaskStarted(11,1165,Some(AttributeKey[scala.collection.Seq[scala.Function1[xsbti.Position,scala.Option[xsbti.Position]]]]("sourcePositionMappers") in Scope(Global)))
Sending msg to client play-fork-run-72595435-2675-4893-af68-543d5eecfa43: TaskStarted(11,1169,Some(AttributeKey[scala.collection.Seq[java.lang.String]]("scalacOptions") in Scope(Global)))
Sending msg to client play-fork-run-72595435-2675-4893-af68-543d5eecfa43: TaskStarted(11,1170,None)
Sending msg to client play-fork-run-72595435-2675-4893-af68-543d5eecfa43: TaskStarted(11,1171,None)
Sending msg to client play-fork-run-72595435-2675-4893-af68-543d5eecfa43: TaskStarted(11,1177,None)
Sending msg to client play-fork-run-72595435-2675-4893-af68-543d5eecfa43: TaskStarted(11,1181,Some(AttributeKey[scala.collection.Seq[java.io.File]]("sources") in Scope(Build: file:/Users/pmedaugh/Scala/just-play-scala/, , Project: ProjectReference(file:/Users/pmedaugh/Scala/just-play-scala/,root), Config: compile, Task: AttributeKey[scala.collection.Seq[java.io.File]]("playRoutes"))))
Sending msg to client play-fork-run-72595435-2675-4893-af68-543d5eecfa43: TaskStarted(11,1182,None)
Sending msg to client play-fork-run-72595435-2675-4893-af68-543d5eecfa43: TaskStarted(11,1189,Some(AttributeKey[scala.collection.Seq[java.io.File]]("unmanagedSources") in Scope(Build: file:/Users/pmedaugh/Scala/just-play-scala/, , Project: ProjectReference(file:/Users/pmedaugh/Scala/just-play-scala/,root), Config: compile)))
Sending msg to client play-fork-run-72595435-2675-4893-af68-543d5eecfa43: TaskStarted(11,1191,Some(AttributeKey[scala.collection.Seq[java.lang.String]]("javacOptions") in Scope(Global)))
Sending msg to client play-fork-run-72595435-2675-4893-af68-543d5eecfa43: TaskStarted(11,1192,None)
Sending msg to client play-fork-run-72595435-2675-4893-af68-543d5eecfa43: TaskStarted(11,1200,None)
Sending msg to client play-fork-run-72595435-2675-4893-af68-543d5eecfa43: TaskStarted(11,1206,Some(AttributeKey[java.lang.String]("updateCacheName") in Scope(Build: file:/Users/pmedaugh/Scala/just-play-scala/, , Project: ProjectReference(file:/Users/pmedaugh/Scala/just-play-scala/,root))))
Sending msg to client play-fork-run-72595435-2675-4893-af68-543d5eecfa43: TaskStarted(11,1208,None)
Sending msg to client play-fork-run-72595435-2675-4893-af68-543d5eecfa43: TaskStarted(11,1209,None)
Sending msg to client play-fork-run-72595435-2675-4893-af68-543d5eecfa43: TaskStarted(11,1220,Some(AttributeKey[scala.collection.Seq[sbt.Resolver]]("externalResolvers") in Scope(Build: file:/Users/pmedaugh/Scala/just-play-scala/, , Project: ProjectReference(file:/Users/pmedaugh/Scala/just-play-scala/,root))))
Sending msg to client play-fork-run-72595435-2675-4893-af68-543d5eecfa43: TaskStarted(11,1221,Some(AttributeKey[scala.Option[scala.collection.Seq[sbt.Resolver]]]("bootResolvers") in Scope(Build: file:/Users/pmedaugh/Scala/just-play-scala/, , Project: ProjectReference(file:/Users/pmedaugh/Scala/just-play-scala/,root))))
Sending msg to client play-fork-run-72595435-2675-4893-af68-543d5eecfa43: TaskStarted(11,1224,Some(AttributeKey[scala.collection.Seq[sbt.Credentials]]("credentials") in Scope(Global)))
Sending msg to client play-fork-run-72595435-2675-4893-af68-543d5eecfa43: TaskStarted(11,1226,Some(AttributeKey[boolean]("skip") in Scope(Global)))
Sending msg to client play-fork-run-72595435-2675-4893-af68-543d5eecfa43: TaskStarted(11,1227,None)
Sending msg to client play-fork-run-72595435-2675-4893-af68-543d5eecfa43: TaskStarted(11,1230,None)
Sending msg to client play-fork-run-72595435-2675-4893-af68-543d5eecfa43: TaskStarted(11,1244,Some(AttributeKey[scala.Function1[java.io.File,scala.Function1[java.lang.String,boolean]]]("definesClass") in Scope(Global)))
Sending msg to client play-fork-run-72595435-2675-4893-af68-543d5eecfa43: TaskStarted(11,1245,Some(AttributeKey[java.lang.String]("compileAnalysisFilename") in Scope(Build: file:/Users/pmedaugh/Scala/just-play-scala/, , Project: ProjectReference(file:/Users/pmedaugh/Scala/just-play-scala/,root), Config: compile)))
Sending msg to client play-fork-run-72595435-2675-4893-af68-543d5eecfa43: TaskStarted(11,1248,Some(AttributeKey[sbt.inc.IncOptions]("incOptions") in Scope(Global)))
Sending msg to client play-fork-run-72595435-2675-4893-af68-543d5eecfa43: TaskStarted(11,1252,None)
Sending msg to client play-fork-run-72595435-2675-4893-af68-543d5eecfa43: TaskStarted(11,1254,Some(AttributeKey[sbt.SendEventService]("sendEventService") in Scope(Global)))
Sending msg to client play-fork-run-72595435-2675-4893-af68-543d5eecfa43: TaskFinished(11,1159,None,true,None)
Sending msg to client play-fork-run-72595435-2675-4893-af68-543d5eecfa43: TaskStarted(11,1158,None)
Sending msg to client play-fork-run-72595435-2675-4893-af68-543d5eecfa43: TaskStarted(11,1161,None)
Sending msg to client play-fork-run-72595435-2675-4893-af68-543d5eecfa43: TaskStarted(11,1176,None)
Sending msg to client play-fork-run-72595435-2675-4893-af68-543d5eecfa43: TaskStarted(11,1187,None)
Sending msg to client play-fork-run-72595435-2675-4893-af68-543d5eecfa43: TaskStarted(11,1194,None)
Sending msg to client play-fork-run-72595435-2675-4893-af68-543d5eecfa43: TaskStarted(11,1197,None)
Sending msg to client play-fork-run-72595435-2675-4893-af68-543d5eecfa43: TaskStarted(11,1205,None)
Sending msg to client play-fork-run-72595435-2675-4893-af68-543d5eecfa43: TaskStarted(11,1219,None)
Sending msg to client play-fork-run-72595435-2675-4893-af68-543d5eecfa43: TaskStarted(11,1222,None)
Sending msg to client play-fork-run-72595435-2675-4893-af68-543d5eecfa43: TaskStarted(11,1223,None)
Sending msg to client play-fork-run-72595435-2675-4893-af68-543d5eecfa43: TaskStarted(11,1228,None)
Sending msg to client play-fork-run-72595435-2675-4893-af68-543d5eecfa43: TaskStarted(11,1235,None)
Sending msg to client play-fork-run-72595435-2675-4893-af68-543d5eecfa43: TaskStarted(11,1237,None)
Sending msg to client play-fork-run-72595435-2675-4893-af68-543d5eecfa43: TaskStarted(11,1239,None)
Sending msg to client play-fork-run-72595435-2675-4893-af68-543d5eecfa43: TaskStarted(11,1242,None)
Sending msg to client play-fork-run-72595435-2675-4893-af68-543d5eecfa43: TaskStarted(11,1249,None)
Sending msg to client play-fork-run-72595435-2675-4893-af68-543d5eecfa43: TaskStarted(11,1253,None)
Sending msg to client play-fork-run-72595435-2675-4893-af68-543d5eecfa43: TaskFinished(11,1165,Some(AttributeKey[scala.collection.Seq[scala.Function1[xsbti.Position,scala.Option[xsbti.Position]]]]("sourcePositionMappers") in Scope(Global)),true,None)
Sending msg to client play-fork-run-72595435-2675-4893-af68-543d5eecfa43: TaskFinished(11,1170,None,true,None)
Sending msg to client play-fork-run-72595435-2675-4893-af68-543d5eecfa43: TaskFinished(11,1169,Some(AttributeKey[scala.collection.Seq[java.lang.String]]("scalacOptions") in Scope(Global)),true,None)
Sending msg to client play-fork-run-72595435-2675-4893-af68-543d5eecfa43: TaskStarted(11,1168,Some(AttributeKey[scala.collection.Seq[java.lang.String]]("scalacOptions") in Scope(Build: file:/Users/pmedaugh/Scala/just-play-scala/, , Project: ProjectReference(file:/Users/pmedaugh/Scala/just-play-scala/,root))))
Sending msg to client play-fork-run-72595435-2675-4893-af68-543d5eecfa43: TaskFinished(11,1171,None,true,None)
Sending msg to client play-fork-run-72595435-2675-4893-af68-543d5eecfa43: TaskFinished(11,1177,None,true,None)
Sending msg to client play-fork-run-72595435-2675-4893-af68-543d5eecfa43: TaskStarted(11,1184,Some(AttributeKey[sbt.BuildStructure]("buildStructure") in Scope(Global)))
Sending msg to client play-fork-run-72595435-2675-4893-af68-543d5eecfa43: TaskStarted(11,1225,Some(AttributeKey[java.io.File]("dependencyCacheDirectory") in Scope(Build: file:/Users/pmedaugh/Scala/just-play-scala/, , Project: ProjectReference(file:/Users/pmedaugh/Scala/just-play-scala/,root))))
Sending msg to client play-fork-run-72595435-2675-4893-af68-543d5eecfa43: TaskStarted(11,1246,Some(AttributeKey[xsbti.compile.GlobalsCache]("compilerCache") in Scope(Global)))
Sending msg to client play-fork-run-72595435-2675-4893-af68-543d5eecfa43: TaskFinished(11,1181,Some(AttributeKey[scala.collection.Seq[java.io.File]]("sources") in Scope(Build: file:/Users/pmedaugh/Scala/just-play-scala/, , Project: ProjectReference(file:/Users/pmedaugh/Scala/just-play-scala/,root), Config: compile, Task: AttributeKey[scala.collection.Seq[java.io.File]]("playRoutes"))),true,None)
Sending msg to client play-fork-run-72595435-2675-4893-af68-543d5eecfa43: TaskFinished(11,1182,None,true,None)
Sending msg to client play-fork-run-72595435-2675-4893-af68-543d5eecfa43: TaskStarted(11,1180,Some(AttributeKey[scala.collection.Seq[java.io.File]]("sources") in Scope(Build: file:/Users/pmedaugh/Scala/just-play-scala/, , Project: ProjectReference(file:/Users/pmedaugh/Scala/just-play-scala/,root), Config: compile, Task: AttributeKey[scala.collection.Seq[java.io.File]]("playRoutes"))))
Sending msg to client play-fork-run-72595435-2675-4893-af68-543d5eecfa43: TaskFinished(11,1191,Some(AttributeKey[scala.collection.Seq[java.lang.String]]("javacOptions") in Scope(Global)),true,None)
Sending msg to client play-fork-run-72595435-2675-4893-af68-543d5eecfa43: TaskFinished(11,1192,None,true,None)
Sending msg to client play-fork-run-72595435-2675-4893-af68-543d5eecfa43: TaskStarted(11,1190,Some(AttributeKey[scala.collection.Seq[java.lang.String]]("javacOptions") in Scope(Build: file:/Users/pmedaugh/Scala/just-play-scala/, , Project: ProjectReference(file:/Users/pmedaugh/Scala/just-play-scala/,root), Config: compile)))
Sending msg to client play-fork-run-72595435-2675-4893-af68-543d5eecfa43: TaskFinished(11,1189,Some(AttributeKey[scala.collection.Seq[java.io.File]]("unmanagedSources") in Scope(Build: file:/Users/pmedaugh/Scala/just-play-scala/, , Project: ProjectReference(file:/Users/pmedaugh/Scala/just-play-scala/,root), Config: compile)),true,None)
Sending msg to client play-fork-run-72595435-2675-4893-af68-543d5eecfa43: TaskStarted(11,1188,Some(AttributeKey[scala.collection.Seq[java.io.File]]("unmanagedSources") in Scope(Build: file:/Users/pmedaugh/Scala/just-play-scala/, , Project: ProjectReference(file:/Users/pmedaugh/Scala/just-play-scala/,root), Config: compile)))
Sending msg to client play-fork-run-72595435-2675-4893-af68-543d5eecfa43: TaskFinished(11,1200,None,true,None)
Sending msg to client play-fork-run-72595435-2675-4893-af68-543d5eecfa43: TaskFinished(11,1206,Some(AttributeKey[java.lang.String]("updateCacheName") in Scope(Build: file:/Users/pmedaugh/Scala/just-play-scala/, , Project: ProjectReference(file:/Users/pmedaugh/Scala/just-play-scala/,root))),true,None)
Sending msg to client play-fork-run-72595435-2675-4893-af68-543d5eecfa43: TaskFinished(11,1208,None,true,None)
Sending msg to client play-fork-run-72595435-2675-4893-af68-543d5eecfa43: TaskFinished(11,1209,None,true,None)
Sending msg to client play-fork-run-72595435-2675-4893-af68-543d5eecfa43: TaskStarted(11,1207,Some(AttributeKey[scala.collection.Seq[sbt.UpdateReport]]("transitiveUpdate") in Scope(Build: file:/Users/pmedaugh/Scala/just-play-scala/, , Project: ProjectReference(file:/Users/pmedaugh/Scala/just-play-scala/,root))))
Sending msg to client play-fork-run-72595435-2675-4893-af68-543d5eecfa43: TaskFinished(11,1220,Some(AttributeKey[scala.collection.Seq[sbt.Resolver]]("externalResolvers") in Scope(Build: file:/Users/pmedaugh/Scala/just-play-scala/, , Project: ProjectReference(file:/Users/pmedaugh/Scala/just-play-scala/,root))),true,None)
Sending msg to client play-fork-run-72595435-2675-4893-af68-543d5eecfa43: TaskFinished(11,1221,Some(AttributeKey[scala.Option[scala.collection.Seq[sbt.Resolver]]]("bootResolvers") in Scope(Build: file:/Users/pmedaugh/Scala/just-play-scala/, , Project: ProjectReference(file:/Users/pmedaugh/Scala/just-play-scala/,root))),true,None)
Sending msg to client play-fork-run-72595435-2675-4893-af68-543d5eecfa43: TaskFinished(11,1224,Some(AttributeKey[scala.collection.Seq[sbt.Credentials]]("credentials") in Scope(Global)),true,None)
Sending msg to client play-fork-run-72595435-2675-4893-af68-543d5eecfa43: TaskFinished(11,1226,Some(AttributeKey[boolean]("skip") in Scope(Global)),true,None)
Sending msg to client play-fork-run-72595435-2675-4893-af68-543d5eecfa43: TaskFinished(11,1227,None,true,None)
Sending msg to client play-fork-run-72595435-2675-4893-af68-543d5eecfa43: TaskFinished(11,1230,None,true,None)
Sending msg to client play-fork-run-72595435-2675-4893-af68-543d5eecfa43: TaskFinished(11,1244,Some(AttributeKey[scala.Function1[java.io.File,scala.Function1[java.lang.String,boolean]]]("definesClass") in Scope(Global)),true,None)
Sending msg to client play-fork-run-72595435-2675-4893-af68-543d5eecfa43: TaskFinished(11,1245,Some(AttributeKey[java.lang.String]("compileAnalysisFilename") in Scope(Build: file:/Users/pmedaugh/Scala/just-play-scala/, , Project: ProjectReference(file:/Users/pmedaugh/Scala/just-play-scala/,root), Config: compile)),true,None)
Sending msg to client play-fork-run-72595435-2675-4893-af68-543d5eecfa43: TaskFinished(11,1248,Some(AttributeKey[sbt.inc.IncOptions]("incOptions") in Scope(Global)),true,None)
Sending msg to client play-fork-run-72595435-2675-4893-af68-543d5eecfa43: TaskStarted(11,1247,Some(AttributeKey[sbt.inc.IncOptions]("incOptions") in Scope(Build: file:/Users/pmedaugh/Scala/just-play-scala/, , Project: ProjectReference(file:/Users/pmedaugh/Scala/just-play-scala/,root))))
Sending msg to client play-fork-run-72595435-2675-4893-af68-543d5eecfa43: TaskFinished(11,1252,None,true,None)
Sending msg to client play-fork-run-72595435-2675-4893-af68-543d5eecfa43: TaskFinished(11,1254,Some(AttributeKey[sbt.SendEventService]("sendEventService") in Scope(Global)),true,None)
Sending msg to client play-fork-run-72595435-2675-4893-af68-543d5eecfa43: TaskFinished(11,1158,None,true,None)
Sending msg to client play-fork-run-72595435-2675-4893-af68-543d5eecfa43: TaskFinished(11,1161,None,true,None)
Sending msg to client play-fork-run-72595435-2675-4893-af68-543d5eecfa43: TaskFinished(11,1176,None,true,None)
Sending msg to client play-fork-run-72595435-2675-4893-af68-543d5eecfa43: TaskFinished(11,1187,None,true,None)
Sending msg to client play-fork-run-72595435-2675-4893-af68-543d5eecfa43: TaskFinished(11,1194,None,true,None)
Sending msg to client play-fork-run-72595435-2675-4893-af68-543d5eecfa43: TaskFinished(11,1197,None,true,None)
Sending msg to client play-fork-run-72595435-2675-4893-af68-543d5eecfa43: TaskFinished(11,1205,None,true,None)
Sending msg to client play-fork-run-72595435-2675-4893-af68-543d5eecfa43: TaskStarted(11,1204,Some(AttributeKey[scala.collection.immutable.Map[sbt.ModuleID,sbt.SourcePosition]]("dependencyPositions") in Scope(Build: file:/Users/pmedaugh/Scala/just-play-scala/, , Project: ProjectReference(file:/Users/pmedaugh/Scala/just-play-scala/,root))))
Sending msg to client play-fork-run-72595435-2675-4893-af68-543d5eecfa43: TaskFinished(11,1219,None,true,None)
Sending msg to client play-fork-run-72595435-2675-4893-af68-543d5eecfa43: TaskFinished(11,1222,None,true,None)
Sending msg to client play-fork-run-72595435-2675-4893-af68-543d5eecfa43: TaskFinished(11,1223,None,true,None)
Sending msg to client play-fork-run-72595435-2675-4893-af68-543d5eecfa43: TaskFinished(11,1228,None,true,None)
Sending msg to client play-fork-run-72595435-2675-4893-af68-543d5eecfa43: TaskFinished(11,1235,None,true,None)
Sending msg to client play-fork-run-72595435-2675-4893-af68-543d5eecfa43: TaskFinished(11,1237,None,true,None)
Sending msg to client play-fork-run-72595435-2675-4893-af68-543d5eecfa43: TaskFinished(11,1239,None,true,None)
Sending msg to client play-fork-run-72595435-2675-4893-af68-543d5eecfa43: TaskFinished(11,1242,None,true,None)
Sending msg to client play-fork-run-72595435-2675-4893-af68-543d5eecfa43: TaskFinished(11,1249,None,true,None)
Sending msg to client play-fork-run-72595435-2675-4893-af68-543d5eecfa43: TaskFinished(11,1253,None,true,None)
Sending msg to client play-fork-run-72595435-2675-4893-af68-543d5eecfa43: TaskFinished(11,1168,Some(AttributeKey[scala.collection.Seq[java.lang.String]]("scalacOptions") in Scope(Build: file:/Users/pmedaugh/Scala/just-play-scala/, , Project: ProjectReference(file:/Users/pmedaugh/Scala/just-play-scala/,root))),true,None)
Sending msg to client play-fork-run-72595435-2675-4893-af68-543d5eecfa43: TaskStarted(11,1167,Some(AttributeKey[java.lang.String]("twirlSourceEncoding") in Scope(Build: file:/Users/pmedaugh/Scala/just-play-scala/, , Project: ProjectReference(file:/Users/pmedaugh/Scala/just-play-scala/,root))))
Sending msg to client play-fork-run-72595435-2675-4893-af68-543d5eecfa43: TaskFinished(11,1184,Some(AttributeKey[sbt.BuildStructure]("buildStructure") in Scope(Global)),true,None)
Sending msg to client play-fork-run-72595435-2675-4893-af68-543d5eecfa43: TaskStarted(11,1183,Some(AttributeKey[sbt.Settings[sbt.Scope]]("settingsData") in Scope(Global)))
Sending msg to client play-fork-run-72595435-2675-4893-af68-543d5eecfa43: TaskFinished(11,1225,Some(AttributeKey[java.io.File]("dependencyCacheDirectory") in Scope(Build: file:/Users/pmedaugh/Scala/just-play-scala/, , Project: ProjectReference(file:/Users/pmedaugh/Scala/just-play-scala/,root))),true,None)
Sending msg to client play-fork-run-72595435-2675-4893-af68-543d5eecfa43: TaskFinished(11,1246,Some(AttributeKey[xsbti.compile.GlobalsCache]("compilerCache") in Scope(Global)),true,None)
Sending msg to client play-fork-run-72595435-2675-4893-af68-543d5eecfa43: TaskFinished(11,1180,Some(AttributeKey[scala.collection.Seq[java.io.File]]("sources") in Scope(Build: file:/Users/pmedaugh/Scala/just-play-scala/, , Project: ProjectReference(file:/Users/pmedaugh/Scala/just-play-scala/,root), Config: compile, Task: AttributeKey[scala.collection.Seq[java.io.File]]("playRoutes"))),true,None)
Sending msg to client play-fork-run-72595435-2675-4893-af68-543d5eecfa43: TaskStarted(11,1179,None)
Sending msg to client play-fork-run-72595435-2675-4893-af68-543d5eecfa43: TaskFinished(11,1190,Some(AttributeKey[scala.collection.Seq[java.lang.String]]("javacOptions") in Scope(Build: file:/Users/pmedaugh/Scala/just-play-scala/, , Project: ProjectReference(file:/Users/pmedaugh/Scala/just-play-scala/,root), Config: compile)),true,None)
Sending msg to client play-fork-run-72595435-2675-4893-af68-543d5eecfa43: TaskFinished(11,1188,Some(AttributeKey[scala.collection.Seq[java.io.File]]("unmanagedSources") in Scope(Build: file:/Users/pmedaugh/Scala/just-play-scala/, , Project: ProjectReference(file:/Users/pmedaugh/Scala/just-play-scala/,root), Config: compile)),true,None)
Sending msg to client play-fork-run-72595435-2675-4893-af68-543d5eecfa43: TaskFinished(11,1207,Some(AttributeKey[scala.collection.Seq[sbt.UpdateReport]]("transitiveUpdate") in Scope(Build: file:/Users/pmedaugh/Scala/just-play-scala/, , Project: ProjectReference(file:/Users/pmedaugh/Scala/just-play-scala/,root))),true,None)
Sending msg to client play-fork-run-72595435-2675-4893-af68-543d5eecfa43: TaskFinished(11,1247,Some(AttributeKey[sbt.inc.IncOptions]("incOptions") in Scope(Build: file:/Users/pmedaugh/Scala/just-play-scala/, , Project: ProjectReference(file:/Users/pmedaugh/Scala/just-play-scala/,root))),true,None)
Sending msg to client play-fork-run-72595435-2675-4893-af68-543d5eecfa43: TaskFinished(11,1204,Some(AttributeKey[scala.collection.immutable.Map[sbt.ModuleID,sbt.SourcePosition]]("dependencyPositions") in Scope(Build: file:/Users/pmedaugh/Scala/just-play-scala/, , Project: ProjectReference(file:/Users/pmedaugh/Scala/just-play-scala/,root))),true,None)
Sending msg to client play-fork-run-72595435-2675-4893-af68-543d5eecfa43: TaskStarted(11,1203,Some(AttributeKey[sbt.UnresolvedWarningConfiguration]("unresolvedWarningConfiguration") in Scope(Build: file:/Users/pmedaugh/Scala/just-play-scala/, , Project: ProjectReference(file:/Users/pmedaugh/Scala/just-play-scala/,root), Task: AttributeKey[sbt.UpdateReport]("update"))))
Sending msg to client play-fork-run-72595435-2675-4893-af68-543d5eecfa43: TaskFinished(11,1167,Some(AttributeKey[java.lang.String]("twirlSourceEncoding") in Scope(Build: file:/Users/pmedaugh/Scala/just-play-scala/, , Project: ProjectReference(file:/Users/pmedaugh/Scala/just-play-scala/,root))),true,None)
Sending msg to client play-fork-run-72595435-2675-4893-af68-543d5eecfa43: TaskStarted(11,1166,None)
Sending msg to client play-fork-run-72595435-2675-4893-af68-543d5eecfa43: TaskStarted(11,1186,None)
Sending msg to client play-fork-run-72595435-2675-4893-af68-543d5eecfa43: TaskFinished(11,1183,Some(AttributeKey[sbt.Settings[sbt.Scope]]("settingsData") in Scope(Global)),true,None)
Sending msg to client play-fork-run-72595435-2675-4893-af68-543d5eecfa43: TaskStarted(11,1213,Some(AttributeKey[scala.collection.Seq[sbt.ModuleID]]("projectDependencies") in Scope(Build: file:/Users/pmedaugh/Scala/just-play-scala/, , Project: ProjectReference(file:/Users/pmedaugh/Scala/just-play-scala/,root))))
Sending msg to client play-fork-run-72595435-2675-4893-af68-543d5eecfa43: TaskStarted(11,1218,Some(AttributeKey[scala.collection.immutable.Map[org.apache.ivy.core.module.id.ModuleRevisionId,org.apache.ivy.core.module.descriptor.ModuleDescriptor]]("projectDescriptors") in Scope(Build: file:/Users/pmedaugh/Scala/just-play-scala/, , Project: ProjectReference(file:/Users/pmedaugh/Scala/just-play-scala/,root))))
Sending msg to client play-fork-run-72595435-2675-4893-af68-543d5eecfa43: TaskStarted(11,1229,None)
Sending msg to client play-fork-run-72595435-2675-4893-af68-543d5eecfa43: TaskStarted(11,1234,None)
Sending msg to client play-fork-run-72595435-2675-4893-af68-543d5eecfa43: TaskStarted(11,1241,None)
Sending msg to client play-fork-run-72595435-2675-4893-af68-543d5eecfa43: TaskStarted(11,1251,Some(AttributeKey[sbt.ScalaInstance]("scalaInstance") in Scope(Build: file:/Users/pmedaugh/Scala/just-play-scala/, , Project: ProjectReference(file:/Users/pmedaugh/Scala/just-play-scala/,root))))
Sending msg to client play-fork-run-72595435-2675-4893-af68-543d5eecfa43: TaskFinished(11,1179,None,true,None)
Sending msg to client play-fork-run-72595435-2675-4893-af68-543d5eecfa43: TaskStarted(11,1178,Some(AttributeKey[scala.collection.Seq[play.routes.compiler.RoutesCompiler$RoutesCompilerTask]]("playRoutesTasks") in Scope(Build: file:/Users/pmedaugh/Scala/just-play-scala/, , Project: ProjectReference(file:/Users/pmedaugh/Scala/just-play-scala/,root), Config: compile)))
Sending msg to client play-fork-run-72595435-2675-4893-af68-543d5eecfa43: TaskFinished(11,1203,Some(AttributeKey[sbt.UnresolvedWarningConfiguration]("unresolvedWarningConfiguration") in Scope(Build: file:/Users/pmedaugh/Scala/just-play-scala/, , Project: ProjectReference(file:/Users/pmedaugh/Scala/just-play-scala/,root), Task: AttributeKey[sbt.UpdateReport]("update"))),true,None)
Sending msg to client play-fork-run-72595435-2675-4893-af68-543d5eecfa43: TaskFinished(11,1166,None,true,None)
Sending msg to client play-fork-run-72595435-2675-4893-af68-543d5eecfa43: TaskStarted(11,1164,Some(AttributeKey[scala.collection.Seq[scala.Function1[xsbti.Position,scala.Option[xsbti.Position]]]]("sourcePositionMappers") in Scope(Build: file:/Users/pmedaugh/Scala/just-play-scala/, , Project: ProjectReference(file:/Users/pmedaugh/Scala/just-play-scala/,root))))
Sending msg to client play-fork-run-72595435-2675-4893-af68-543d5eecfa43: TaskFinished(11,1213,Some(AttributeKey[scala.collection.Seq[sbt.ModuleID]]("projectDependencies") in Scope(Build: file:/Users/pmedaugh/Scala/just-play-scala/, , Project: ProjectReference(file:/Users/pmedaugh/Scala/just-play-scala/,root))),true,None)
Sending msg to client play-fork-run-72595435-2675-4893-af68-543d5eecfa43: TaskStarted(11,1212,Some(AttributeKey[scala.collection.Seq[sbt.ModuleID]]("allDependencies") in Scope(Build: file:/Users/pmedaugh/Scala/just-play-scala/, , Project: ProjectReference(file:/Users/pmedaugh/Scala/just-play-scala/,root))))
Sending msg to client play-fork-run-72595435-2675-4893-af68-543d5eecfa43: TaskStarted(11,1257,None)
Sending msg to client play-fork-run-72595435-2675-4893-af68-543d5eecfa43: TaskFinished(11,1186,None,true,None)
Sending msg to client play-fork-run-72595435-2675-4893-af68-543d5eecfa43: TaskStarted(11,1185,Some(AttributeKey[scala.collection.Seq[java.io.File]]("twirlCompileTemplates") in Scope(Build: file:/Users/pmedaugh/Scala/just-play-scala/, , Project: ProjectReference(file:/Users/pmedaugh/Scala/just-play-scala/,root), Config: compile)))
Sending msg to client play-fork-run-72595435-2675-4893-af68-543d5eecfa43: TaskStarted(11,1258,None)
Sending msg to client play-fork-run-72595435-2675-4893-af68-543d5eecfa43: TaskStarted(11,1263,None)
Sending msg to client play-fork-run-72595435-2675-4893-af68-543d5eecfa43: TaskStarted(11,1264,None)
Sending msg to client play-fork-run-72595435-2675-4893-af68-543d5eecfa43: TaskStarted(11,1266,None)
Sending msg to client play-fork-run-72595435-2675-4893-af68-543d5eecfa43: TaskStarted(11,1268,None)
Sending msg to client play-fork-run-72595435-2675-4893-af68-543d5eecfa43: TaskStarted(11,1269,None)
Sending msg to client play-fork-run-72595435-2675-4893-af68-543d5eecfa43: TaskStarted(11,1271,None)
Sending msg to client play-fork-run-72595435-2675-4893-af68-543d5eecfa43: TaskFinished(11,1164,Some(AttributeKey[scala.collection.Seq[scala.Function1[xsbti.Position,scala.Option[xsbti.Position]]]]("sourcePositionMappers") in Scope(Build: file:/Users/pmedaugh/Scala/just-play-scala/, , Project: ProjectReference(file:/Users/pmedaugh/Scala/just-play-scala/,root))),true,None)
Sending msg to client play-fork-run-72595435-2675-4893-af68-543d5eecfa43: TaskStarted(11,1163,Some(AttributeKey[scala.collection.Seq[scala.Function1[xsbti.Position,scala.Option[xsbti.Position]]]]("sourcePositionMappers") in Scope(Build: file:/Users/pmedaugh/Scala/just-play-scala/, , Project: ProjectReference(file:/Users/pmedaugh/Scala/just-play-scala/,root))))
Sending msg to client play-fork-run-72595435-2675-4893-af68-543d5eecfa43: TaskFinished(11,1212,Some(AttributeKey[scala.collection.Seq[sbt.ModuleID]]("allDependencies") in Scope(Build: file:/Users/pmedaugh/Scala/just-play-scala/, , Project: ProjectReference(file:/Users/pmedaugh/Scala/just-play-scala/,root))),true,None)
Sending msg to client play-fork-run-72595435-2675-4893-af68-543d5eecfa43: TaskStarted(11,1211,Some(AttributeKey[sbt.ModuleSettings]("moduleSettings") in Scope(Build: file:/Users/pmedaugh/Scala/just-play-scala/, , Project: ProjectReference(file:/Users/pmedaugh/Scala/just-play-scala/,root))))
Sending msg to client play-fork-run-72595435-2675-4893-af68-543d5eecfa43: TaskFinished(11,1257,None,true,None)
Sending msg to client play-fork-run-72595435-2675-4893-af68-543d5eecfa43: TaskStarted(11,1256,None)
Sending msg to client play-fork-run-72595435-2675-4893-af68-543d5eecfa43: TaskFinished(11,1185,Some(AttributeKey[scala.collection.Seq[java.io.File]]("twirlCompileTemplates") in Scope(Build: file:/Users/pmedaugh/Scala/just-play-scala/, , Project: ProjectReference(file:/Users/pmedaugh/Scala/just-play-scala/,root), Config: compile)),true,None)
Sending msg to client play-fork-run-72595435-2675-4893-af68-543d5eecfa43: TaskFinished(11,1258,None,true,None)
Sending msg to client play-fork-run-72595435-2675-4893-af68-543d5eecfa43: TaskFinished(11,1229,None,true,None)
Sending msg to client play-fork-run-72595435-2675-4893-af68-543d5eecfa43: TaskFinished(11,1263,None,true,None)
Sending msg to client play-fork-run-72595435-2675-4893-af68-543d5eecfa43: TaskFinished(11,1264,None,true,None)
Sending msg to client play-fork-run-72595435-2675-4893-af68-543d5eecfa43: TaskStarted(11,1262,Some(AttributeKey[scala.collection.Seq[sbt.Attributed[java.io.File]]]("unmanagedJars") in Scope(Build: file:/Users/pmedaugh/Scala/just-play-scala/, , Project: ProjectReference(file:/Users/pmedaugh/Scala/just-play-scala/,root), Config: compile)))
Sending msg to client play-fork-run-72595435-2675-4893-af68-543d5eecfa43: TaskFinished(11,1266,None,true,None)
Sending msg to client play-fork-run-72595435-2675-4893-af68-543d5eecfa43: TaskStarted(11,1265,None)
Sending msg to client play-fork-run-72595435-2675-4893-af68-543d5eecfa43: TaskFinished(11,1268,None,true,None)
Sending msg to client play-fork-run-72595435-2675-4893-af68-543d5eecfa43: TaskStarted(11,1267,None)
Sending msg to client play-fork-run-72595435-2675-4893-af68-543d5eecfa43: TaskFinished(11,1269,None,true,None)
Sending msg to client play-fork-run-72595435-2675-4893-af68-543d5eecfa43: TaskFinished(11,1251,Some(AttributeKey[sbt.ScalaInstance]("scalaInstance") in Scope(Build: file:/Users/pmedaugh/Scala/just-play-scala/, , Project: ProjectReference(file:/Users/pmedaugh/Scala/just-play-scala/,root))),true,None)
Sending msg to client play-fork-run-72595435-2675-4893-af68-543d5eecfa43: TaskStarted(11,1250,Some(AttributeKey[sbt.Compiler$Compilers]("compilers") in Scope(Global)))
Sending msg to client play-fork-run-72595435-2675-4893-af68-543d5eecfa43: TaskFinished(11,1271,None,true,None)
Sending msg to client play-fork-run-72595435-2675-4893-af68-543d5eecfa43: TaskStarted(11,1270,None)
Sending msg to client play-fork-run-72595435-2675-4893-af68-543d5eecfa43: TaskFinished(11,1163,Some(AttributeKey[scala.collection.Seq[scala.Function1[xsbti.Position,scala.Option[xsbti.Position]]]]("sourcePositionMappers") in Scope(Build: file:/Users/pmedaugh/Scala/just-play-scala/, , Project: ProjectReference(file:/Users/pmedaugh/Scala/just-play-scala/,root))),true,None)
Sending msg to client play-fork-run-72595435-2675-4893-af68-543d5eecfa43: TaskFinished(11,1211,Some(AttributeKey[sbt.ModuleSettings]("moduleSettings") in Scope(Build: file:/Users/pmedaugh/Scala/just-play-scala/, , Project: ProjectReference(file:/Users/pmedaugh/Scala/just-play-scala/,root))),true,None)
Sending msg to client play-fork-run-72595435-2675-4893-af68-543d5eecfa43: TaskFinished(11,1256,None,true,None)
Sending msg to client play-fork-run-72595435-2675-4893-af68-543d5eecfa43: TaskFinished(11,1218,Some(AttributeKey[scala.collection.immutable.Map[org.apache.ivy.core.module.id.ModuleRevisionId,org.apache.ivy.core.module.descriptor.ModuleDescriptor]]("projectDescriptors") in Scope(Build: file:/Users/pmedaugh/Scala/just-play-scala/, , Project: ProjectReference(file:/Users/pmedaugh/Scala/just-play-scala/,root))),true,None)
Sending msg to client play-fork-run-72595435-2675-4893-af68-543d5eecfa43: TaskStarted(11,1217,Some(AttributeKey[sbt.Resolver]("projectResolver") in Scope(Build: file:/Users/pmedaugh/Scala/just-play-scala/, , Project: ProjectReference(file:/Users/pmedaugh/Scala/just-play-scala/,root))))
Sending msg to client play-fork-run-72595435-2675-4893-af68-543d5eecfa43: TaskFinished(11,1262,Some(AttributeKey[scala.collection.Seq[sbt.Attributed[java.io.File]]]("unmanagedJars") in Scope(Build: file:/Users/pmedaugh/Scala/just-play-scala/, , Project: ProjectReference(file:/Users/pmedaugh/Scala/just-play-scala/,root), Config: compile)),true,None)
Sending msg to client play-fork-run-72595435-2675-4893-af68-543d5eecfa43: TaskStarted(11,1272,None)
Sending msg to client play-fork-run-72595435-2675-4893-af68-543d5eecfa43: TaskFinished(11,1267,None,true,None)
Sending msg to client play-fork-run-72595435-2675-4893-af68-543d5eecfa43: TaskFinished(11,1241,None,true,None)
Sending msg to client play-fork-run-72595435-2675-4893-af68-543d5eecfa43: TaskFinished(11,1270,None,true,None)
Sending msg to client play-fork-run-72595435-2675-4893-af68-543d5eecfa43: TaskFinished(11,1178,Some(AttributeKey[scala.collection.Seq[play.routes.compiler.RoutesCompiler$RoutesCompilerTask]]("playRoutesTasks") in Scope(Build: file:/Users/pmedaugh/Scala/just-play-scala/, , Project: ProjectReference(file:/Users/pmedaugh/Scala/just-play-scala/,root), Config: compile)),true,None)
Sending msg to client play-fork-run-72595435-2675-4893-af68-543d5eecfa43: TaskStarted(11,1175,Some(AttributeKey[scala.collection.Seq[java.io.File]]("playRoutes") in Scope(Build: file:/Users/pmedaugh/Scala/just-play-scala/, , Project: ProjectReference(file:/Users/pmedaugh/Scala/just-play-scala/,root), Config: compile)))
Sending msg to client play-fork-run-72595435-2675-4893-af68-543d5eecfa43: TaskFinished(11,1250,Some(AttributeKey[sbt.Compiler$Compilers]("compilers") in Scope(Global)),true,None)
Sending msg to client play-fork-run-72595435-2675-4893-af68-543d5eecfa43: TaskFinished(11,1217,Some(AttributeKey[sbt.Resolver]("projectResolver") in Scope(Build: file:/Users/pmedaugh/Scala/just-play-scala/, , Project: ProjectReference(file:/Users/pmedaugh/Scala/just-play-scala/,root))),true,None)
Sending msg to client play-fork-run-72595435-2675-4893-af68-543d5eecfa43: TaskStarted(11,1216,Some(AttributeKey[scala.collection.Seq[sbt.Resolver]]("fullResolvers") in Scope(Build: file:/Users/pmedaugh/Scala/just-play-scala/, , Project: ProjectReference(file:/Users/pmedaugh/Scala/just-play-scala/,root))))
Sending msg to client play-fork-run-72595435-2675-4893-af68-543d5eecfa43: TaskFinished(11,1272,None,true,None)
Sending msg to client play-fork-run-72595435-2675-4893-af68-543d5eecfa43: TaskFinished(11,1265,None,true,None)
Sending msg to client play-fork-run-72595435-2675-4893-af68-543d5eecfa43: TaskStarted(11,1261,Some(AttributeKey[scala.collection.Seq[sbt.Attributed[java.io.File]]]("unmanagedJars") in Scope(Build: file:/Users/pmedaugh/Scala/just-play-scala/, , Project: ProjectReference(file:/Users/pmedaugh/Scala/just-play-scala/,root), Config: compile)))
Sending msg to client play-fork-run-72595435-2675-4893-af68-543d5eecfa43: TaskFinished(11,1216,Some(AttributeKey[scala.collection.Seq[sbt.Resolver]]("fullResolvers") in Scope(Build: file:/Users/pmedaugh/Scala/just-play-scala/, , Project: ProjectReference(file:/Users/pmedaugh/Scala/just-play-scala/,root))),true,None)
Sending msg to client play-fork-run-72595435-2675-4893-af68-543d5eecfa43: TaskStarted(11,1215,Some(AttributeKey[sbt.IvyConfiguration]("ivyConfiguration") in Scope(Build: file:/Users/pmedaugh/Scala/just-play-scala/, , Project: ProjectReference(file:/Users/pmedaugh/Scala/just-play-scala/,root))))
Sending msg to client play-fork-run-72595435-2675-4893-af68-543d5eecfa43: TaskFinished(11,1175,Some(AttributeKey[scala.collection.Seq[java.io.File]]("playRoutes") in Scope(Build: file:/Users/pmedaugh/Scala/just-play-scala/, , Project: ProjectReference(file:/Users/pmedaugh/Scala/just-play-scala/,root), Config: compile)),true,None)
Sending msg to client play-fork-run-72595435-2675-4893-af68-543d5eecfa43: TaskStarted(11,1174,None)
Sending msg to client play-fork-run-72595435-2675-4893-af68-543d5eecfa43: TaskFinished(11,1261,Some(AttributeKey[scala.collection.Seq[sbt.Attributed[java.io.File]]]("unmanagedJars") in Scope(Build: file:/Users/pmedaugh/Scala/just-play-scala/, , Project: ProjectReference(file:/Users/pmedaugh/Scala/just-play-scala/,root), Config: compile)),true,None)
Sending msg to client play-fork-run-72595435-2675-4893-af68-543d5eecfa43: TaskStarted(11,1260,None)
Sending msg to client play-fork-run-72595435-2675-4893-af68-543d5eecfa43: TaskFinished(11,1215,Some(AttributeKey[sbt.IvyConfiguration]("ivyConfiguration") in Scope(Build: file:/Users/pmedaugh/Scala/just-play-scala/, , Project: ProjectReference(file:/Users/pmedaugh/Scala/just-play-scala/,root))),true,None)
Sending msg to client play-fork-run-72595435-2675-4893-af68-543d5eecfa43: TaskStarted(11,1214,Some(AttributeKey[sbt.IvySbt]("ivySbt") in Scope(Build: file:/Users/pmedaugh/Scala/just-play-scala/, , Project: ProjectReference(file:/Users/pmedaugh/Scala/just-play-scala/,root))))
Sending msg to client play-fork-run-72595435-2675-4893-af68-543d5eecfa43: TaskFinished(11,1174,None,true,None)
Sending msg to client play-fork-run-72595435-2675-4893-af68-543d5eecfa43: TaskStarted(11,1173,Some(AttributeKey[scala.collection.Seq[java.io.File]]("managedSources") in Scope(Build: file:/Users/pmedaugh/Scala/just-play-scala/, , Project: ProjectReference(file:/Users/pmedaugh/Scala/just-play-scala/,root), Config: compile)))
Sending msg to client play-fork-run-72595435-2675-4893-af68-543d5eecfa43: TaskFinished(11,1260,None,true,None)
Sending msg to client play-fork-run-72595435-2675-4893-af68-543d5eecfa43: TaskStarted(11,1259,None)
Sending msg to client play-fork-run-72595435-2675-4893-af68-543d5eecfa43: TaskFinished(11,1214,Some(AttributeKey[sbt.IvySbt]("ivySbt") in Scope(Build: file:/Users/pmedaugh/Scala/just-play-scala/, , Project: ProjectReference(file:/Users/pmedaugh/Scala/just-play-scala/,root))),true,None)
Sending msg to client play-fork-run-72595435-2675-4893-af68-543d5eecfa43: TaskStarted(11,1210,Some(AttributeKey[sbt.IvySbt$Module]("ivyModule") in Scope(Build: file:/Users/pmedaugh/Scala/just-play-scala/, , Project: ProjectReference(file:/Users/pmedaugh/Scala/just-play-scala/,root))))
Sending msg to client play-fork-run-72595435-2675-4893-af68-543d5eecfa43: TaskFinished(11,1173,Some(AttributeKey[scala.collection.Seq[java.io.File]]("managedSources") in Scope(Build: file:/Users/pmedaugh/Scala/just-play-scala/, , Project: ProjectReference(file:/Users/pmedaugh/Scala/just-play-scala/,root), Config: compile)),true,None)
Sending msg to client play-fork-run-72595435-2675-4893-af68-543d5eecfa43: TaskStarted(11,1172,Some(AttributeKey[scala.collection.Seq[java.io.File]]("sources") in Scope(Build: file:/Users/pmedaugh/Scala/just-play-scala/, , Project: ProjectReference(file:/Users/pmedaugh/Scala/just-play-scala/,root), Config: compile)))
Sending msg to client play-fork-run-72595435-2675-4893-af68-543d5eecfa43: TaskFinished(11,1259,None,true,None)
Sending msg to client play-fork-run-72595435-2675-4893-af68-543d5eecfa43: TaskFinished(11,1234,None,true,None)
Sending msg to client play-fork-run-72595435-2675-4893-af68-543d5eecfa43: TaskStarted(11,1233,Some(AttributeKey[scala.collection.Seq[sbt.Attributed[java.io.File]]]("unmanagedClasspath") in Scope(Build: file:/Users/pmedaugh/Scala/just-play-scala/, , Project: ProjectReference(file:/Users/pmedaugh/Scala/just-play-scala/,root), Config: compile)))
Sending msg to client play-fork-run-72595435-2675-4893-af68-543d5eecfa43: TaskFinished(11,1210,Some(AttributeKey[sbt.IvySbt$Module]("ivyModule") in Scope(Build: file:/Users/pmedaugh/Scala/just-play-scala/, , Project: ProjectReference(file:/Users/pmedaugh/Scala/just-play-scala/,root))),true,None)
Sending msg to client play-fork-run-72595435-2675-4893-af68-543d5eecfa43: TaskStarted(11,1202,Some(AttributeKey[sbt.UpdateReport]("update") in Scope(Build: file:/Users/pmedaugh/Scala/just-play-scala/, , Project: ProjectReference(file:/Users/pmedaugh/Scala/just-play-scala/,root))))
Sending msg to client play-fork-run-72595435-2675-4893-af68-543d5eecfa43: TaskFinished(11,1172,Some(AttributeKey[scala.collection.Seq[java.io.File]]("sources") in Scope(Build: file:/Users/pmedaugh/Scala/just-play-scala/, , Project: ProjectReference(file:/Users/pmedaugh/Scala/just-play-scala/,root), Config: compile)),true,None)
Sending msg to client play-fork-run-72595435-2675-4893-af68-543d5eecfa43: TaskFinished(11,1233,Some(AttributeKey[scala.collection.Seq[sbt.Attributed[java.io.File]]]("unmanagedClasspath") in Scope(Build: file:/Users/pmedaugh/Scala/just-play-scala/, , Project: ProjectReference(file:/Users/pmedaugh/Scala/just-play-scala/,root), Config: compile)),true,None)
Sending msg to client play-fork-run-72595435-2675-4893-af68-543d5eecfa43: TaskFinished(11,1202,Some(AttributeKey[sbt.UpdateReport]("update") in Scope(Build: file:/Users/pmedaugh/Scala/just-play-scala/, , Project: ProjectReference(file:/Users/pmedaugh/Scala/just-play-scala/,root))),true,None)
Sending msg to client play-fork-run-72595435-2675-4893-af68-543d5eecfa43: TaskStarted(11,1201,Some(AttributeKey[sbt.UpdateReport]("update") in Scope(Build: file:/Users/pmedaugh/Scala/just-play-scala/, , Project: ProjectReference(file:/Users/pmedaugh/Scala/just-play-scala/,root))))
Sending msg to client play-fork-run-72595435-2675-4893-af68-543d5eecfa43: TaskFinished(11,1201,Some(AttributeKey[sbt.UpdateReport]("update") in Scope(Build: file:/Users/pmedaugh/Scala/just-play-scala/, , Project: ProjectReference(file:/Users/pmedaugh/Scala/just-play-scala/,root))),true,None)
Sending msg to client play-fork-run-72595435-2675-4893-af68-543d5eecfa43: TaskStarted(11,1199,Some(AttributeKey[sbt.Configuration]("classpathConfiguration") in Scope(Build: file:/Users/pmedaugh/Scala/just-play-scala/, , Project: ProjectReference(file:/Users/pmedaugh/Scala/just-play-scala/,root), Config: compile)))
Sending msg to client play-fork-run-72595435-2675-4893-af68-543d5eecfa43: TaskStarted(11,1240,Some(AttributeKey[scala.collection.Seq[java.lang.String]]("scalacOptions") in Scope(Build: file:/Users/pmedaugh/Scala/just-play-scala/, , Project: ProjectReference(file:/Users/pmedaugh/Scala/just-play-scala/,root), Config: compile)))
Sending msg to client play-fork-run-72595435-2675-4893-af68-543d5eecfa43: TaskFinished(11,1199,Some(AttributeKey[sbt.Configuration]("classpathConfiguration") in Scope(Build: file:/Users/pmedaugh/Scala/just-play-scala/, , Project: ProjectReference(file:/Users/pmedaugh/Scala/just-play-scala/,root), Config: compile)),true,None)
Sending msg to client play-fork-run-72595435-2675-4893-af68-543d5eecfa43: TaskStarted(11,1198,None)
Sending msg to client play-fork-run-72595435-2675-4893-af68-543d5eecfa43: TaskStarted(11,1238,None)
Sending msg to client play-fork-run-72595435-2675-4893-af68-543d5eecfa43: TaskFinished(11,1240,Some(AttributeKey[scala.collection.Seq[java.lang.String]]("scalacOptions") in Scope(Build: file:/Users/pmedaugh/Scala/just-play-scala/, , Project: ProjectReference(file:/Users/pmedaugh/Scala/just-play-scala/,root), Config: compile)),true,None)
Sending msg to client play-fork-run-72595435-2675-4893-af68-543d5eecfa43: TaskStarted(11,1275,None)
Sending msg to client play-fork-run-72595435-2675-4893-af68-543d5eecfa43: TaskStarted(11,1276,None)
Sending msg to client play-fork-run-72595435-2675-4893-af68-543d5eecfa43: TaskFinished(11,1238,None,true,None)
Sending msg to client play-fork-run-72595435-2675-4893-af68-543d5eecfa43: TaskStarted(11,1236,Some(AttributeKey[scala.collection.Seq[sbt.Attributed[java.io.File]]]("managedClasspath") in Scope(Build: file:/Users/pmedaugh/Scala/just-play-scala/, , Project: ProjectReference(file:/Users/pmedaugh/Scala/just-play-scala/,root), Config: compile)))
Sending msg to client play-fork-run-72595435-2675-4893-af68-543d5eecfa43: TaskFinished(11,1275,None,true,None)
Sending msg to client play-fork-run-72595435-2675-4893-af68-543d5eecfa43: TaskFinished(11,1276,None,true,None)
Sending msg to client play-fork-run-72595435-2675-4893-af68-543d5eecfa43: TaskStarted(11,1274,None)
Sending msg to client play-fork-run-72595435-2675-4893-af68-543d5eecfa43: TaskFinished(11,1236,Some(AttributeKey[scala.collection.Seq[sbt.Attributed[java.io.File]]]("managedClasspath") in Scope(Build: file:/Users/pmedaugh/Scala/just-play-scala/, , Project: ProjectReference(file:/Users/pmedaugh/Scala/just-play-scala/,root), Config: compile)),true,None)
Sending msg to client play-fork-run-72595435-2675-4893-af68-543d5eecfa43: TaskStarted(11,1232,None)
Sending msg to client play-fork-run-72595435-2675-4893-af68-543d5eecfa43: TaskFinished(11,1274,None,true,None)
Sending msg to client play-fork-run-72595435-2675-4893-af68-543d5eecfa43: TaskStarted(11,1273,None)
Sending msg to client play-fork-run-72595435-2675-4893-af68-543d5eecfa43: TaskFinished(11,1232,None,true,None)
Sending msg to client play-fork-run-72595435-2675-4893-af68-543d5eecfa43: TaskStarted(11,1231,Some(AttributeKey[scala.collection.Seq[sbt.Attributed[java.io.File]]]("externalDependencyClasspath") in Scope(Build: file:/Users/pmedaugh/Scala/just-play-scala/, , Project: ProjectReference(file:/Users/pmedaugh/Scala/just-play-scala/,root), Config: compile)))
Sending msg to client play-fork-run-72595435-2675-4893-af68-543d5eecfa43: TaskFinished(11,1273,None,true,None)
Sending msg to client play-fork-run-72595435-2675-4893-af68-543d5eecfa43: TaskFinished(11,1198,None,true,None)
Sending msg to client play-fork-run-72595435-2675-4893-af68-543d5eecfa43: TaskStarted(11,1196,Some(AttributeKey[scala.collection.Seq[sbt.Attributed[java.io.File]]]("internalDependencyClasspath") in Scope(Build: file:/Users/pmedaugh/Scala/just-play-scala/, , Project: ProjectReference(file:/Users/pmedaugh/Scala/just-play-scala/,root), Config: compile)))
Sending msg to client play-fork-run-72595435-2675-4893-af68-543d5eecfa43: TaskFinished(11,1231,Some(AttributeKey[scala.collection.Seq[sbt.Attributed[java.io.File]]]("externalDependencyClasspath") in Scope(Build: file:/Users/pmedaugh/Scala/just-play-scala/, , Project: ProjectReference(file:/Users/pmedaugh/Scala/just-play-scala/,root), Config: compile)),true,None)
Sending msg to client play-fork-run-72595435-2675-4893-af68-543d5eecfa43: TaskFinished(11,1196,Some(AttributeKey[scala.collection.Seq[sbt.Attributed[java.io.File]]]("internalDependencyClasspath") in Scope(Build: file:/Users/pmedaugh/Scala/just-play-scala/, , Project: ProjectReference(file:/Users/pmedaugh/Scala/just-play-scala/,root), Config: compile)),true,None)
Sending msg to client play-fork-run-72595435-2675-4893-af68-543d5eecfa43: TaskStarted(11,1195,None)
Sending msg to client play-fork-run-72595435-2675-4893-af68-543d5eecfa43: TaskFinished(11,1195,None,true,None)
Sending msg to client play-fork-run-72595435-2675-4893-af68-543d5eecfa43: TaskStarted(11,1193,Some(AttributeKey[scala.collection.Seq[sbt.Attributed[java.io.File]]]("dependencyClasspath") in Scope(Build: file:/Users/pmedaugh/Scala/just-play-scala/, , Project: ProjectReference(file:/Users/pmedaugh/Scala/just-play-scala/,root), Config: compile)))
Sending msg to client play-fork-run-72595435-2675-4893-af68-543d5eecfa43: TaskFinished(11,1193,Some(AttributeKey[scala.collection.Seq[sbt.Attributed[java.io.File]]]("dependencyClasspath") in Scope(Build: file:/Users/pmedaugh/Scala/just-play-scala/, , Project: ProjectReference(file:/Users/pmedaugh/Scala/just-play-scala/,root), Config: compile)),true,None)
Sending msg to client play-fork-run-72595435-2675-4893-af68-543d5eecfa43: TaskStarted(11,1243,Some(AttributeKey[sbt.Compiler$IncSetup]("incCompileSetup") in Scope(Build: file:/Users/pmedaugh/Scala/just-play-scala/, , Project: ProjectReference(file:/Users/pmedaugh/Scala/just-play-scala/,root), Config: compile)))
Sending msg to client play-fork-run-72595435-2675-4893-af68-543d5eecfa43: TaskFinished(11,1243,Some(AttributeKey[sbt.Compiler$IncSetup]("incCompileSetup") in Scope(Build: file:/Users/pmedaugh/Scala/just-play-scala/, , Project: ProjectReference(file:/Users/pmedaugh/Scala/just-play-scala/,root), Config: compile)),true,None)
Sending msg to client play-fork-run-72595435-2675-4893-af68-543d5eecfa43: TaskStarted(11,1162,Some(AttributeKey[sbt.Compiler$Inputs]("compileInputs") in Scope(Build: file:/Users/pmedaugh/Scala/just-play-scala/, , Project: ProjectReference(file:/Users/pmedaugh/Scala/just-play-scala/,root), Config: compile, Task: AttributeKey[sbt.inc.Analysis]("compile"))))
Sending msg to client play-fork-run-72595435-2675-4893-af68-543d5eecfa43: TaskStarted(11,1255,Some(AttributeKey[sbt.Compiler$PreviousAnalysis]("readAnalysis") in Scope(Build: file:/Users/pmedaugh/Scala/just-play-scala/, , Project: ProjectReference(file:/Users/pmedaugh/Scala/just-play-scala/,root), Config: compile)))
Sending msg to client play-fork-run-72595435-2675-4893-af68-543d5eecfa43: TaskFinished(11,1162,Some(AttributeKey[sbt.Compiler$Inputs]("compileInputs") in Scope(Build: file:/Users/pmedaugh/Scala/just-play-scala/, , Project: ProjectReference(file:/Users/pmedaugh/Scala/just-play-scala/,root), Config: compile, Task: AttributeKey[sbt.inc.Analysis]("compile"))),true,None)
Sending msg to client play-fork-run-72595435-2675-4893-af68-543d5eecfa43: TaskStarted(11,1160,Some(AttributeKey[scala.Option[xsbti.Reporter]]("compilerReporter") in Scope(Build: file:/Users/pmedaugh/Scala/just-play-scala/, , Project: ProjectReference(file:/Users/pmedaugh/Scala/just-play-scala/,root), Config: compile, Task: AttributeKey[sbt.inc.Analysis]("compile"))))
Sending msg to client play-fork-run-72595435-2675-4893-af68-543d5eecfa43: TaskFinished(11,1255,Some(AttributeKey[sbt.Compiler$PreviousAnalysis]("readAnalysis") in Scope(Build: file:/Users/pmedaugh/Scala/just-play-scala/, , Project: ProjectReference(file:/Users/pmedaugh/Scala/just-play-scala/,root), Config: compile)),true,None)
Sending msg to client play-fork-run-72595435-2675-4893-af68-543d5eecfa43: TaskFinished(11,1160,Some(AttributeKey[scala.Option[xsbti.Reporter]]("compilerReporter") in Scope(Build: file:/Users/pmedaugh/Scala/just-play-scala/, , Project: ProjectReference(file:/Users/pmedaugh/Scala/just-play-scala/,root), Config: compile, Task: AttributeKey[sbt.inc.Analysis]("compile"))),true,None)
Sending msg to client play-fork-run-72595435-2675-4893-af68-543d5eecfa43: TaskStarted(11,1157,Some(AttributeKey[sbt.compiler.IC$Result]("compileIncremental") in Scope(Build: file:/Users/pmedaugh/Scala/just-play-scala/, , Project: ProjectReference(file:/Users/pmedaugh/Scala/just-play-scala/,root), Config: compile)))
Sending msg to client play-fork-run-72595435-2675-4893-af68-543d5eecfa43: TaskLogEvent(1157,LogMessage(debug,
Initial source changes: 
	removed:Set()
	added: Set()
	modified: Set(/Users/pmedaugh/Scala/just-play-scala/app/controllers/Application.scala)
Removed products: Set()
External API changes: API Changes: Set()
Modified binary dependencies: Set()
Initial directly invalidated sources: Set(/Users/pmedaugh/Scala/just-play-scala/app/controllers/Application.scala)

Sources indirectly invalidated by:
	product: Set()
	binary dep: Set()
	external source: Set()))
Sending msg to client play-fork-run-72595435-2675-4893-af68-543d5eecfa43: TaskLogEvent(1157,LogMessage(debug,All initially invalidated sources: Set(/Users/pmedaugh/Scala/just-play-scala/app/controllers/Application.scala)
))
Sending msg to client play-fork-run-72595435-2675-4893-af68-543d5eecfa43: TaskLogEvent(1157,LogMessage(info,Read from stdout: Compiling 1 Scala source to /Users/pmedaugh/Scala/just-play-scala/target/scala-2.10/classes...))
Sending msg to client play-fork-run-72595435-2675-4893-af68-543d5eecfa43: TaskLogEvent(1157,LogMessage(info,Compiling 1 Scala source to /Users/pmedaugh/Scala/just-play-scala/target/scala-2.10/classes...))
Sending msg to client play-fork-run-72595435-2675-4893-af68-543d5eecfa43: TaskLogEvent(1157,LogMessage(debug,Getting compiler-interface from component compiler for Scala 2.10.4))
Sending msg to client play-fork-run-72595435-2675-4893-af68-543d5eecfa43: TaskLogEvent(1157,LogMessage(debug,Getting compiler-interface from component compiler for Scala 2.10.4))
Sending msg to client play-fork-run-72595435-2675-4893-af68-543d5eecfa43: TaskLogEvent(1157,LogMessage(debug,Running cached compiler 59b649a4, interfacing (CompilerInterface) with Scala compiler version 2.10.4))
Sending msg to client play-fork-run-72595435-2675-4893-af68-543d5eecfa43: TaskLogEvent(1157,LogMessage(debug,Calling Scala compiler with arguments  (CompilerInterface):
	-deprecation
	-unchecked
	-encoding
	utf8
	-bootclasspath
	/Library/Java/JavaVirtualMachines/jdk1.8.0_60.jdk/Contents/Home/jre/lib/resources.jar:/Library/Java/JavaVirtualMachines/jdk1.8.0_60.jdk/Contents/Home/jre/lib/rt.jar:/Library/Java/JavaVirtualMachines/jdk1.8.0_60.jdk/Contents/Home/jre/lib/sunrsasign.jar:/Library/Java/JavaVirtualMachines/jdk1.8.0_60.jdk/Contents/Home/jre/lib/jsse.jar:/Library/Java/JavaVirtualMachines/jdk1.8.0_60.jdk/Contents/Home/jre/lib/jce.jar:/Library/Java/JavaVirtualMachines/jdk1.8.0_60.jdk/Contents/Home/jre/lib/charsets.jar:/Library/Java/JavaVirtualMachines/jdk1.8.0_60.jdk/Contents/Home/jre/lib/jfr.jar:/Library/Java/JavaVirtualMachines/jdk1.8.0_60.jdk/Contents/Home/jre/classes:/Users/pmedaugh/.sbt/boot/scala-2.10.4/lib/scala-library.jar
	-classpath
	/Users/pmedaugh/Scala/just-play-scala/target/scala-2.10/classes:/Users/pmedaugh/.ivy2/cache/com.typesafe.play/twirl-api_2.10/jars/twirl-api_2.10-1.1.1.jar:/Users/pmedaugh/.ivy2/cache/org.apache.commons/commons-lang3/jars/commons-lang3-3.4.jar:/Users/pmedaugh/.ivy2/cache/com.typesafe.play/play-server_2.10/jars/play-server_2.10-2.4.0.jar:/Users/pmedaugh/.ivy2/cache/com.typesafe.play/play_2.10/jars/play_2.10-2.4.0.jar:/Users/pmedaugh/.ivy2/cache/com.typesafe.play/build-link/jars/build-link-2.4.0.jar:/Users/pmedaugh/.ivy2/cache/com.typesafe.play/play-exceptions/jars/play-exceptions-2.4.0.jar:/Users/pmedaugh/.ivy2/cache/org.javassist/javassist/bundles/javassist-3.19.0-GA.jar:/Users/pmedaugh/.ivy2/cache/com.typesafe.play/play-iteratees_2.10/jars/play-iteratees_2.10-2.4.0.jar:/Users/pmedaugh/.ivy2/cache/org.scala-stm/scala-stm_2.10/jars/scala-stm_2.10-0.7.jar:/Users/pmedaugh/.ivy2/cache/com.typesafe/config/bundles/config-1.3.0.jar:/Users/pmedaugh/.ivy2/cache/com.typesafe.play/play-json_2.10/jars/play-json_2.10-2.4.0.jar:/Users/pmedaugh/.ivy2/cache/com.typesafe.play/play-functional_2.10/jars/play-functional_2.10-2.4.0.jar:/Users/pmedaugh/.ivy2/cache/com.typesafe.play/play-datacommons_2.10/jars/play-datacommons_2.10-2.4.0.jar:/Users/pmedaugh/.ivy2/cache/joda-time/joda-time/jars/joda-time-2.7.jar:/Users/pmedaugh/Scala/activator-dist-1.3.5/repository/org.joda/joda-convert/1.7/jars/joda-convert.jar:/Users/pmedaugh/.ivy2/cache/org.scala-lang/scala-reflect/jars/scala-reflect-2.10.5.jar:/Users/pmedaugh/.ivy2/cache/com.fasterxml.jackson.core/jackson-core/bundles/jackson-core-2.5.3.jar:/Users/pmedaugh/.ivy2/cache/com.fasterxml.jackson.core/jackson-annotations/bundles/jackson-annotations-2.5.3.jar:/Users/pmedaugh/.ivy2/cache/com.fasterxml.jackson.core/jackson-databind/bundles/jackson-databind-2.5.3.jar:/Users/pmedaugh/.ivy2/cache/com.fasterxml.jackson.datatype/jackson-datatype-jdk8/bundles/jackson-datatype-jdk8-2.5.3.jar:/Users/pmedaugh/.ivy2/cache/com.fasterxml.jackson.datatype/jackson-datatype-jsr310/bundles/jackson-datatype-jsr310-2.5.3.jar:/Users/pmedaugh/.ivy2/cache/com.typesafe.play/play-netty-utils/jars/play-netty-utils-2.4.0.jar:/Users/pmedaugh/.ivy2/cache/org.slf4j/slf4j-api/jars/slf4j-api-1.7.12.jar:/Users/pmedaugh/Scala/activator-dist-1.3.5/repository/org.slf4j/jul-to-slf4j/1.7.12/jars/jul-to-slf4j.jar:/Users/pmedaugh/Scala/activator-dist-1.3.5/repository/org.slf4j/jcl-over-slf4j/1.7.12/jars/jcl-over-slf4j.jar:/Users/pmedaugh/Scala/activator-dist-1.3.5/repository/ch.qos.logback/logback-core/1.1.3/jars/logback-core.jar:/Users/pmedaugh/Scala/activator-dist-1.3.5/repository/ch.qos.logback/logback-classic/1.1.3/jars/logback-classic.jar:/Users/pmedaugh/.ivy2/cache/com.typesafe.akka/akka-actor_2.10/jars/akka-actor_2.10-2.3.11.jar:/Users/pmedaugh/.ivy2/cache/com.typesafe.akka/akka-slf4j_2.10/jars/akka-slf4j_2.10-2.3.11.jar:/Users/pmedaugh/Scala/activator-dist-1.3.5/repository/commons-codec/commons-codec/1.10/jars/commons-codec.jar:/Users/pmedaugh/.ivy2/cache/xerces/xercesImpl/jars/xercesImpl-2.11.0.jar:/Users/pmedaugh/.ivy2/cache/xml-apis/xml-apis/jars/xml-apis-1.4.01.jar:/Users/pmedaugh/.ivy2/cache/javax.transaction/jta/jars/jta-1.1.jar:/Users/pmedaugh/Scala/activator-dist-1.3.5/repository/com.google.inject/guice/4.0/jars/guice.jar:/Users/pmedaugh/.ivy2/cache/javax.inject/javax.inject/jars/javax.inject-1.jar:/Users/pmedaugh/.ivy2/cache/aopalliance/aopalliance/jars/aopalliance-1.0.jar:/Users/pmedaugh/.ivy2/cache/com.google.guava/guava/bundles/guava-16.0.1.jar:/Users/pmedaugh/Scala/activator-dist-1.3.5/repository/com.google.inject.extensions/guice-assistedinject/4.0/jars/guice-assistedinject.jar:/Users/pmedaugh/.ivy2/cache/com.typesafe.play/play-netty-server_2.10/jars/play-netty-server_2.10-2.4.0.jar:/Users/pmedaugh/Scala/activator-dist-1.3.5/repository/io.netty/netty/3.10.3.Final/bundles/netty.jar:/Users/pmedaugh/Scala/activator-dist-1.3.5/repository/com.typesafe.netty/netty-http-pipelining/1.1.4/jars/netty-http-pipelining.jar))
Sending msg to client play-fork-run-72595435-2675-4893-af68-543d5eecfa43: TaskLogEvent(1157,LogMessage(debug,Scala compilation took 1.900497648 s))
Sending msg to client play-fork-run-72595435-2675-4893-af68-543d5eecfa43: TaskLogEvent(1157,LogMessage(debug,Invalidating /Users/pmedaugh/Scala/just-play-scala/app/controllers/Application.scala...))
Sending msg to client play-fork-run-72595435-2675-4893-af68-543d5eecfa43: TaskLogEvent(1157,LogMessage(debug,Invalidating (transitively) by inheritance from /Users/pmedaugh/Scala/just-play-scala/app/controllers/Application.scala...))
Sending msg to client play-fork-run-72595435-2675-4893-af68-543d5eecfa43: TaskLogEvent(1157,LogMessage(debug,Initial set of included nodes: Set(/Users/pmedaugh/Scala/just-play-scala/app/controllers/Application.scala)))
Sending msg to client play-fork-run-72595435-2675-4893-af68-543d5eecfa43: TaskLogEvent(1157,LogMessage(debug,Invalidated by transitive inheritance dependency: Set(/Users/pmedaugh/Scala/just-play-scala/app/controllers/Application.scala)))
Sending msg to client play-fork-run-72595435-2675-4893-af68-543d5eecfa43: TaskLogEvent(1157,LogMessage(debug,The /Users/pmedaugh/Scala/just-play-scala/app/controllers/Application.scala source file has the following regular definitions changed:
	notify, unapply, curried, name, wait, longUrl, copy$default$2, $asInstanceOf, productArity, equals, asInstanceOf, synchronized, $isInstanceOf, tupled, canEqual, productPrefix, notifyAll, readResolve, isInstanceOf, ShortUrl, <init>, id, apply, ==, clone, copy$default$3, copy, toString, !=, getClass, copy$default$1, ne, eq, productIterator, ##, finalize, productElement, hashCode.
All member reference dependencies will be considered within this context.))
Sending msg to client play-fork-run-72595435-2675-4893-af68-543d5eecfa43: TaskLogEvent(1157,LogMessage(debug,The following modified names cause invalidation of /Users/pmedaugh/Scala/just-play-scala/target/scala-2.10/routes/main/router/Routes.scala: Set(unapply, asInstanceOf, isInstanceOf, <init>, apply, getClass)))
Sending msg to client play-fork-run-72595435-2675-4893-af68-543d5eecfa43: TaskLogEvent(1157,LogMessage(debug,New invalidations:
	Set(/Users/pmedaugh/Scala/just-play-scala/target/scala-2.10/routes/main/router/Routes.scala)))
Sending msg to client play-fork-run-72595435-2675-4893-af68-543d5eecfa43: TaskLogEvent(1157,LogMessage(debug,Initial set of included nodes: Set(/Users/pmedaugh/Scala/just-play-scala/target/scala-2.10/routes/main/router/Routes.scala)))
Sending msg to client play-fork-run-72595435-2675-4893-af68-543d5eecfa43: TaskLogEvent(1157,LogMessage(debug,Previously invalidated, but (transitively) depend on new invalidations:
	Set()))
Sending msg to client play-fork-run-72595435-2675-4893-af68-543d5eecfa43: TaskLogEvent(1157,LogMessage(debug,All newly invalidated sources after taking into account (previously) recompiled sources:Set(/Users/pmedaugh/Scala/just-play-scala/target/scala-2.10/routes/main/router/Routes.scala)))
Sending msg to client play-fork-run-72595435-2675-4893-af68-543d5eecfa43: TaskLogEvent(1157,LogMessage(info,Read from stdout: Compiling 1 Scala source to /Users/pmedaugh/Scala/just-play-scala/target/scala-2.10/classes...))
Sending msg to client play-fork-run-72595435-2675-4893-af68-543d5eecfa43: TaskLogEvent(1157,LogMessage(info,Compiling 1 Scala source to /Users/pmedaugh/Scala/just-play-scala/target/scala-2.10/classes...))
Sending msg to client play-fork-run-72595435-2675-4893-af68-543d5eecfa43: TaskLogEvent(1157,LogMessage(debug,Getting compiler-interface from component compiler for Scala 2.10.4))
Sending msg to client play-fork-run-72595435-2675-4893-af68-543d5eecfa43: TaskLogEvent(1157,LogMessage(debug,Getting compiler-interface from component compiler for Scala 2.10.4))
Sending msg to client play-fork-run-72595435-2675-4893-af68-543d5eecfa43: TaskLogEvent(1157,LogMessage(debug,Running cached compiler 4291116b, interfacing (CompilerInterface) with Scala compiler version 2.10.4))
Sending msg to client play-fork-run-72595435-2675-4893-af68-543d5eecfa43: TaskLogEvent(1157,LogMessage(debug,Calling Scala compiler with arguments  (CompilerInterface):
	-deprecation
	-unchecked
	-encoding
	utf8
	-bootclasspath
	/Library/Java/JavaVirtualMachines/jdk1.8.0_60.jdk/Contents/Home/jre/lib/resources.jar:/Library/Java/JavaVirtualMachines/jdk1.8.0_60.jdk/Contents/Home/jre/lib/rt.jar:/Library/Java/JavaVirtualMachines/jdk1.8.0_60.jdk/Contents/Home/jre/lib/sunrsasign.jar:/Library/Java/JavaVirtualMachines/jdk1.8.0_60.jdk/Contents/Home/jre/lib/jsse.jar:/Library/Java/JavaVirtualMachines/jdk1.8.0_60.jdk/Contents/Home/jre/lib/jce.jar:/Library/Java/JavaVirtualMachines/jdk1.8.0_60.jdk/Contents/Home/jre/lib/charsets.jar:/Library/Java/JavaVirtualMachines/jdk1.8.0_60.jdk/Contents/Home/jre/lib/jfr.jar:/Library/Java/JavaVirtualMachines/jdk1.8.0_60.jdk/Contents/Home/jre/classes:/Users/pmedaugh/.sbt/boot/scala-2.10.4/lib/scala-library.jar
	-classpath
	/Users/pmedaugh/Scala/just-play-scala/target/scala-2.10/classes:/Users/pmedaugh/.ivy2/cache/com.typesafe.play/twirl-api_2.10/jars/twirl-api_2.10-1.1.1.jar:/Users/pmedaugh/.ivy2/cache/org.apache.commons/commons-lang3/jars/commons-lang3-3.4.jar:/Users/pmedaugh/.ivy2/cache/com.typesafe.play/play-server_2.10/jars/play-server_2.10-2.4.0.jar:/Users/pmedaugh/.ivy2/cache/com.typesafe.play/play_2.10/jars/play_2.10-2.4.0.jar:/Users/pmedaugh/.ivy2/cache/com.typesafe.play/build-link/jars/build-link-2.4.0.jar:/Users/pmedaugh/.ivy2/cache/com.typesafe.play/play-exceptions/jars/play-exceptions-2.4.0.jar:/Users/pmedaugh/.ivy2/cache/org.javassist/javassist/bundles/javassist-3.19.0-GA.jar:/Users/pmedaugh/.ivy2/cache/com.typesafe.play/play-iteratees_2.10/jars/play-iteratees_2.10-2.4.0.jar:/Users/pmedaugh/.ivy2/cache/org.scala-stm/scala-stm_2.10/jars/scala-stm_2.10-0.7.jar:/Users/pmedaugh/.ivy2/cache/com.typesafe/config/bundles/config-1.3.0.jar:/Users/pmedaugh/.ivy2/cache/com.typesafe.play/play-json_2.10/jars/play-json_2.10-2.4.0.jar:/Users/pmedaugh/.ivy2/cache/com.typesafe.play/play-functional_2.10/jars/play-functional_2.10-2.4.0.jar:/Users/pmedaugh/.ivy2/cache/com.typesafe.play/play-datacommons_2.10/jars/play-datacommons_2.10-2.4.0.jar:/Users/pmedaugh/.ivy2/cache/joda-time/joda-time/jars/joda-time-2.7.jar:/Users/pmedaugh/Scala/activator-dist-1.3.5/repository/org.joda/joda-convert/1.7/jars/joda-convert.jar:/Users/pmedaugh/.ivy2/cache/org.scala-lang/scala-reflect/jars/scala-reflect-2.10.5.jar:/Users/pmedaugh/.ivy2/cache/com.fasterxml.jackson.core/jackson-core/bundles/jackson-core-2.5.3.jar:/Users/pmedaugh/.ivy2/cache/com.fasterxml.jackson.core/jackson-annotations/bundles/jackson-annotations-2.5.3.jar:/Users/pmedaugh/.ivy2/cache/com.fasterxml.jackson.core/jackson-databind/bundles/jackson-databind-2.5.3.jar:/Users/pmedaugh/.ivy2/cache/com.fasterxml.jackson.datatype/jackson-datatype-jdk8/bundles/jackson-datatype-jdk8-2.5.3.jar:/Users/pmedaugh/.ivy2/cache/com.fasterxml.jackson.datatype/jackson-datatype-jsr310/bundles/jackson-datatype-jsr310-2.5.3.jar:/Users/pmedaugh/.ivy2/cache/com.typesafe.play/play-netty-utils/jars/play-netty-utils-2.4.0.jar:/Users/pmedaugh/.ivy2/cache/org.slf4j/slf4j-api/jars/slf4j-api-1.7.12.jar:/Users/pmedaugh/Scala/activator-dist-1.3.5/repository/org.slf4j/jul-to-slf4j/1.7.12/jars/jul-to-slf4j.jar:/Users/pmedaugh/Scala/activator-dist-1.3.5/repository/org.slf4j/jcl-over-slf4j/1.7.12/jars/jcl-over-slf4j.jar:/Users/pmedaugh/Scala/activator-dist-1.3.5/repository/ch.qos.logback/logback-core/1.1.3/jars/logback-core.jar:/Users/pmedaugh/Scala/activator-dist-1.3.5/repository/ch.qos.logback/logback-classic/1.1.3/jars/logback-classic.jar:/Users/pmedaugh/.ivy2/cache/com.typesafe.akka/akka-actor_2.10/jars/akka-actor_2.10-2.3.11.jar:/Users/pmedaugh/.ivy2/cache/com.typesafe.akka/akka-slf4j_2.10/jars/akka-slf4j_2.10-2.3.11.jar:/Users/pmedaugh/Scala/activator-dist-1.3.5/repository/commons-codec/commons-codec/1.10/jars/commons-codec.jar:/Users/pmedaugh/.ivy2/cache/xerces/xercesImpl/jars/xercesImpl-2.11.0.jar:/Users/pmedaugh/.ivy2/cache/xml-apis/xml-apis/jars/xml-apis-1.4.01.jar:/Users/pmedaugh/.ivy2/cache/javax.transaction/jta/jars/jta-1.1.jar:/Users/pmedaugh/Scala/activator-dist-1.3.5/repository/com.google.inject/guice/4.0/jars/guice.jar:/Users/pmedaugh/.ivy2/cache/javax.inject/javax.inject/jars/javax.inject-1.jar:/Users/pmedaugh/.ivy2/cache/aopalliance/aopalliance/jars/aopalliance-1.0.jar:/Users/pmedaugh/.ivy2/cache/com.google.guava/guava/bundles/guava-16.0.1.jar:/Users/pmedaugh/Scala/activator-dist-1.3.5/repository/com.google.inject.extensions/guice-assistedinject/4.0/jars/guice-assistedinject.jar:/Users/pmedaugh/.ivy2/cache/com.typesafe.play/play-netty-server_2.10/jars/play-netty-server_2.10-2.4.0.jar:/Users/pmedaugh/Scala/activator-dist-1.3.5/repository/io.netty/netty/3.10.3.Final/bundles/netty.jar:/Users/pmedaugh/Scala/activator-dist-1.3.5/repository/com.typesafe.netty/netty-http-pipelining/1.1.4/jars/netty-http-pipelining.jar))
Sending msg to client play-fork-run-72595435-2675-4893-af68-543d5eecfa43: TaskLogEvent(1157,LogMessage(debug,Scala compilation took 1.228973072 s))
Sending msg to client play-fork-run-72595435-2675-4893-af68-543d5eecfa43: TaskLogEvent(1157,LogMessage(debug,New invalidations:
	Set()))
Sending msg to client play-fork-run-72595435-2675-4893-af68-543d5eecfa43: TaskLogEvent(1157,LogMessage(debug,Initial set of included nodes: Set()))
Sending msg to client play-fork-run-72595435-2675-4893-af68-543d5eecfa43: TaskLogEvent(1157,LogMessage(debug,Previously invalidated, but (transitively) depend on new invalidations:
	Set()))
Sending msg to client play-fork-run-72595435-2675-4893-af68-543d5eecfa43: TaskLogEvent(1157,LogMessage(debug,All newly invalidated sources after taking into account (previously) recompiled sources:Set()))
Sending msg to client play-fork-run-72595435-2675-4893-af68-543d5eecfa43: TaskFinished(11,1157,Some(AttributeKey[sbt.compiler.IC$Result]("compileIncremental") in Scope(Build: file:/Users/pmedaugh/Scala/just-play-scala/, , Project: ProjectReference(file:/Users/pmedaugh/Scala/just-play-scala/,root), Config: compile)),true,None)
Sending msg to client play-fork-run-72595435-2675-4893-af68-543d5eecfa43: TaskStarted(11,1156,Some(AttributeKey[sbt.compiler.IC$Result]("manipulateBytecode") in Scope(Build: file:/Users/pmedaugh/Scala/just-play-scala/, , Project: ProjectReference(file:/Users/pmedaugh/Scala/just-play-scala/,root), Config: compile)))
Sending msg to client play-fork-run-72595435-2675-4893-af68-543d5eecfa43: TaskFinished(11,1156,Some(AttributeKey[sbt.compiler.IC$Result]("manipulateBytecode") in Scope(Build: file:/Users/pmedaugh/Scala/just-play-scala/, , Project: ProjectReference(file:/Users/pmedaugh/Scala/just-play-scala/,root), Config: compile)),true,None)
Sending msg to client play-fork-run-72595435-2675-4893-af68-543d5eecfa43: TaskStarted(11,1155,Some(AttributeKey[sbt.inc.Analysis]("compile") in Scope(Build: file:/Users/pmedaugh/Scala/just-play-scala/, , Project: ProjectReference(file:/Users/pmedaugh/Scala/just-play-scala/,root), Config: compile)))
Sending msg to client play-fork-run-72595435-2675-4893-af68-543d5eecfa43: TaskFinished(11,1155,Some(AttributeKey[sbt.inc.Analysis]("compile") in Scope(Build: file:/Users/pmedaugh/Scala/just-play-scala/, , Project: ProjectReference(file:/Users/pmedaugh/Scala/just-play-scala/,root), Config: compile)),true,None)
Sending msg to client play-fork-run-72595435-2675-4893-af68-543d5eecfa43: TaskStarted(11,1154,Some(AttributeKey[scala.collection.Seq[java.lang.String]]("discoveredMainClasses") in Scope(Build: file:/Users/pmedaugh/Scala/just-play-scala/, , Project: ProjectReference(file:/Users/pmedaugh/Scala/just-play-scala/,root), Config: compile)))
Sending msg to client play-fork-run-72595435-2675-4893-af68-543d5eecfa43: TaskFinished(11,1154,Some(AttributeKey[scala.collection.Seq[java.lang.String]]("discoveredMainClasses") in Scope(Build: file:/Users/pmedaugh/Scala/just-play-scala/, , Project: ProjectReference(file:/Users/pmedaugh/Scala/just-play-scala/,root), Config: compile)),true,None)
Sending msg to client play-fork-run-72595435-2675-4893-af68-543d5eecfa43: TaskStarted(11,1153,None)
Sending msg to client play-fork-run-72595435-2675-4893-af68-543d5eecfa43: TaskFinished(11,1153,None,true,None)
Sending msg to client play-fork-run-72595435-2675-4893-af68-543d5eecfa43: TaskStarted(11,1152,None)
Sending msg to client play-fork-run-72595435-2675-4893-af68-543d5eecfa43: TaskFinished(11,1152,None,true,None)
Sending msg to client play-fork-run-72595435-2675-4893-af68-543d5eecfa43: DetachedLogEvent(LogMessage(debug,cancel strategy finish enabled=false lastCommand=Some(LastCommand(CommandExecutionWork(ExecutionId(11),{file:/Users/pmedaugh/Scala/just-play-scala/}root/compile:discoveredMainClasses,Set(LiveClient(activator d1df6b20-2b00-4291-870d-235167daf5c2)),sbt.server.WorkCancellationStatus$$anon$1@333be1f8)))))
Sending msg to client play-fork-run-72595435-2675-4893-af68-543d5eecfa43: DetachedLogEvent(LogSuccess(Total time: 4 s, completed Aug 24, 2015 1:19:48 PM))
Sending msg to client play-fork-run-72595435-2675-4893-af68-543d5eecfa43: DetachedLogEvent(LogMessage(debug,> server-post-command-cleanup))
Sending msg to client play-fork-run-72595435-2675-4893-af68-543d5eecfa43: ExecutionSuccess(11)
Sending msg to client play-fork-run-72595435-2675-4893-af68-543d5eecfa43: DetachedLogEvent(LogMessage(debug,> server-handle-next-server-request))
Sending msg to client play-fork-run-72595435-2675-4893-af68-543d5eecfa43: ExecutionStarting(12)
Sending msg to client play-fork-run-72595435-2675-4893-af68-543d5eecfa43: DetachedLogEvent(LogMessage(debug,> {file:/Users/pmedaugh/Scala/just-play-scala/}root/compile:mainClass))
Sending msg to client play-fork-run-72595435-2675-4893-af68-543d5eecfa43: DetachedLogEvent(LogMessage(debug,Evaluating tasks: compile:mainClass))
Sending msg to client play-fork-run-72595435-2675-4893-af68-543d5eecfa43: DetachedLogEvent(LogMessage(debug,Running task... Cancel: sbt.server.ServerTaskCancellation@5b75ddc4, check cycles: false))
Sending msg to client play-fork-run-72595435-2675-4893-af68-543d5eecfa43: DetachedLogEvent(LogMessage(debug,cancel strategy start enabled=true lastCommand=Some(LastCommand(CommandExecutionWork(ExecutionId(12),{file:/Users/pmedaugh/Scala/just-play-scala/}root/compile:mainClass,Set(LiveClient(activator d1df6b20-2b00-4291-870d-235167daf5c2)),sbt.server.WorkCancellationStatus$$anon$1@2957cd4f)))))
Sending msg to client play-fork-run-72595435-2675-4893-af68-543d5eecfa43: TaskStarted(12,1279,Some(AttributeKey[scala.Option[java.lang.String]]("mainClass") in Scope(Build: file:/Users/pmedaugh/Scala/just-play-scala/, , Project: ProjectReference(file:/Users/pmedaugh/Scala/just-play-scala/,root), Config: compile)))
Sending msg to client play-fork-run-72595435-2675-4893-af68-543d5eecfa43: TaskFinished(12,1279,Some(AttributeKey[scala.Option[java.lang.String]]("mainClass") in Scope(Build: file:/Users/pmedaugh/Scala/just-play-scala/, , Project: ProjectReference(file:/Users/pmedaugh/Scala/just-play-scala/,root), Config: compile)),true,None)
Sending msg to client play-fork-run-72595435-2675-4893-af68-543d5eecfa43: TaskStarted(12,1278,None)
Sending msg to client play-fork-run-72595435-2675-4893-af68-543d5eecfa43: TaskFinished(12,1278,None,true,None)
Sending msg to client play-fork-run-72595435-2675-4893-af68-543d5eecfa43: TaskStarted(12,1277,None)
Sending msg to client play-fork-run-72595435-2675-4893-af68-543d5eecfa43: TaskFinished(12,1277,None,true,None)
Sending msg to client play-fork-run-72595435-2675-4893-af68-543d5eecfa43: DetachedLogEvent(LogMessage(debug,cancel strategy finish enabled=false lastCommand=Some(LastCommand(CommandExecutionWork(ExecutionId(12),{file:/Users/pmedaugh/Scala/just-play-scala/}root/compile:mainClass,Set(LiveClient(activator d1df6b20-2b00-4291-870d-235167daf5c2)),sbt.server.WorkCancellationStatus$$anon$1@2957cd4f)))))
Sending msg to client play-fork-run-72595435-2675-4893-af68-543d5eecfa43: DetachedLogEvent(LogSuccess(Total time: 0 s, completed Aug 24, 2015 1:19:49 PM))
Sending msg to client play-fork-run-72595435-2675-4893-af68-543d5eecfa43: DetachedLogEvent(LogMessage(debug,> server-post-command-cleanup))
Sending msg to client play-fork-run-72595435-2675-4893-af68-543d5eecfa43: ExecutionSuccess(12)
Sending msg to client play-fork-run-72595435-2675-4893-af68-543d5eecfa43: DetachedLogEvent(LogMessage(debug,> server-handle-next-server-request))
